<?xml version="1.0" encoding="UTF-8"?>
<!-- Generated by org.testng.reporters.JUnitReportReporter -->
<testsuite skipped="0" hostname="VI209570" name="Cucumber.Demo.RunCucumberTest" tests="2" failures="0" timestamp="2021-09-07T14:26:08 IST" time="0.302" errors="0">
  <testcase name="runScenario" time="0.018" classname="Cucumber.Demo.RunCucumberTest"/>
  <system-out/>
  <testcase name="runScenario" time="0.284" classname="Cucumber.Demo.RunCucumberTest"/>
  <system-out/>
</testsuite> <!-- Cucumber.Demo.RunCucumberTest -->
