<?xml version="1.0" encoding="UTF-8"?>
<!-- Generated by org.testng.reporters.JUnitReportReporter -->
<testsuite skipped="0" hostname="VI209570" name="Cucumber.Demo.RunCucumberTest" tests="3" failures="0" timestamp="2020-06-08T16:47:23 IST" time="0.350" errors="0">
  <testcase name="runScenario" time="0.020" classname="Cucumber.Demo.RunCucumberTest"/>
  <system-out/>
  <testcase name="runScenario" time="0.004" classname="Cucumber.Demo.RunCucumberTest"/>
  <system-out/>
  <testcase name="runScenario" time="0.326" classname="Cucumber.Demo.RunCucumberTest"/>
  <system-out/>
</testsuite> <!-- Cucumber.Demo.RunCucumberTest -->
